{"logTime": "0527/220244", "correlationVector":"lWTRJzP8PUUJMX78ZXMzcc.0","action":"FeedSettingFetch_homeCloud", "result":"0", "context":{}}
{"logTime": "0527/220244", "correlationVector":"lWTRJzP8PUUJMX78ZXMzcc.0","action":"SyncServerConnectionManagerRequest", "result":"SYNC_SERVER_OK", "context":{"environment":"", "server":""}}
{"logTime": "0527/220247", "correlationVector":"ZnZHZLoXK7RrIuIeJGW/pq.1","action":"SyncServerConnectionManagerRequest", "result":"SYNC_SERVER_OK", "context":{"environment":"48F630A6-CB1B-4CC7-86AF-0F6627234B58|106", "server":"SG2PEPF00000CB2"}}
{"logTime": "0527/220251", "correlationVector":"ZKFIpGXpOHXOIEtJ+FvOlG.1","action":"SyncServerConnectionManagerRequest", "result":"SYNC_SERVER_OK", "context":{"environment":"48F630A6-CB1B-4CC7-86AF-0F6627234B58|106", "server":"SG2PEPF00000CB2"}}
{"logTime": "0527/220251", "correlationVector":"ZnZHZLoXK7RrIuIeJGW/pq","action":"Initial GetUpdates", "result":""}
{"logTime": "0527/220251", "correlationVector":"ZnZHZLoXK7RrIuIeJGW/pq.2","action":"GetUpdates Response", "result":"SERVER_MORE_TO_DOWNLOAD"}
{"logTime": "0527/220251", "correlationVector":"ZKFIpGXpOHXOIEtJ+FvOlG","action":"Initial GetUpdates", "result":""}
{"logTime": "0527/220251", "correlationVector":"ZKFIpGXpOHXOIEtJ+FvOlG.2","action":"GetUpdates Response", "result":"SYNCER_OK"}
{"logTime": "0527/220251", "correlationVector":"tJtecpvlIwN/pSYy2/cKsP","action":"Initial GetUpdates", "result":""}
{"logTime": "0527/220254", "correlationVector":"tJtecpvlIwN/pSYy2/cKsP.1","action":"SyncServerConnectionManagerRequest", "result":"SYNC_SERVER_OK", "context":{"environment":"48F630A6-CB1B-4CC7-86AF-0F6627234B58|106", "server":"SG2PEPF00000CB2"}}
{"logTime": "0527/220254", "correlationVector":"tJtecpvlIwN/pSYy2/cKsP.2","action":"GetUpdates Response", "result":"SERVER_MORE_TO_DOWNLOAD"}
{"logTime": "0527/220254", "correlationVector":"49aCQvR2cmeWFoEIHBFs8W","action":"Initial GetUpdates", "result":""}
{"logTime": "0527/220256", "correlationVector":"49aCQvR2cmeWFoEIHBFs8W.1","action":"SyncServerConnectionManagerRequest", "result":"SYNC_SERVER_OK", "context":{"environment":"48F630A6-CB1B-4CC7-86AF-0F6627234B58|106", "server":"SG2PEPF00000CB2"}}
{"logTime": "0527/220256", "correlationVector":"49aCQvR2cmeWFoEIHBFs8W.2","action":"GetUpdates Response", "result":"SERVER_MORE_TO_DOWNLOAD"}
{"logTime": "0527/220256", "correlationVector":"CQVN4W7VzXSfr4Ff+mAalj","action":"Initial GetUpdates", "result":""}
{"logTime": "0527/220258", "correlationVector":"CQVN4W7VzXSfr4Ff+mAalj.1","action":"SyncServerConnectionManagerRequest", "result":"SYNC_SERVER_OK", "context":{"environment":"48F630A6-CB1B-4CC7-86AF-0F6627234B58|106", "server":"SG2PEPF00000CB2"}}
{"logTime": "0527/220258", "correlationVector":"CQVN4W7VzXSfr4Ff+mAalj.2","action":"GetUpdates Response", "result":"SYNCER_OK"}
{"logTime": "0527/220258", "correlationVector":"avJF5rHPKDd57gkYegFJkA","action":"Initial GetUpdates", "result":""}
{"logTime": "0527/220304", "correlationVector":"avJF5rHPKDd57gkYegFJkA.1","action":"SyncServerConnectionManagerRequest", "result":"SYNC_SERVER_OK", "context":{"environment":"48F630A6-CB1B-4CC7-86AF-0F6627234B58|106", "server":"SG2PEPF00000CB2"}}
{"logTime": "0527/220304", "correlationVector":"avJF5rHPKDd57gkYegFJkA.2","action":"GetUpdates Response", "result":"SERVER_MORE_TO_DOWNLOAD"}
{"logTime": "0527/220304", "correlationVector":"WXKnbQc1/XUwWw5DAZC6/b","action":"Initial GetUpdates", "result":""}
{"logTime": "0527/220308", "correlationVector":"WXKnbQc1/XUwWw5DAZC6/b.1","action":"SyncServerConnectionManagerRequest", "result":"SYNC_SERVER_OK", "context":{"environment":"48F630A6-CB1B-4CC7-86AF-0F6627234B58|106", "server":"SG2PEPF00000CB2"}}
{"logTime": "0527/220308", "correlationVector":"WXKnbQc1/XUwWw5DAZC6/b.2","action":"GetUpdates Response", "result":"SYNCER_OK"}
{"logTime": "0527/220308", "correlationVector":"Mh65i5iV9NDX68D6MEi/cN","action":"Normal GetUpdate request", "result":""}
{"logTime": "0527/220308", "correlationVector":"Mh65i5iV9NDX68D6MEi/cN.1","action":"SyncServerConnectionManagerRequest", "result":"SYNC_SERVER_OK", "context":{"environment":"48F630A6-CB1B-4CC7-86AF-0F6627234B58|106", "server":"SG2PEPF00000CB2"}}
{"logTime": "0527/220308", "correlationVector":"Mh65i5iV9NDX68D6MEi/cN.2","action":"GetUpdates Response", "result":"SYNCER_OK"}
{"logTime": "0527/220308", "correlationVector":"SOo++usHyeSAWbSAqElSdU","action":"Commit Request", "result":""}
{"logTime": "0527/220311", "correlationVector":"SOo++usHyeSAWbSAqElSdU.1","action":"SyncServerConnectionManagerRequest", "result":"SYNC_SERVER_OK", "context":{"environment":"48F630A6-CB1B-4CC7-86AF-0F6627234B58|106", "server":"SG2PEPF00000CB2"}}
{"logTime": "0527/220311", "correlationVector":"SOo++usHyeSAWbSAqElSdU.2","action":"Commit Response", "result":"SYNCER_OK"}
{"logTime": "0527/220311", "correlationVector":"5/QHRYQa7rkT8Xzd3ZtSjR","action":"Commit Request", "result":""}
{"logTime": "0527/220311", "correlationVector":"5/QHRYQa7rkT8Xzd3ZtSjR.1","action":"SyncServerConnectionManagerRequest", "result":"SYNC_SERVER_OK", "context":{"environment":"48F630A6-CB1B-4CC7-86AF-0F6627234B58|106", "server":"SG2PEPF00000CB2"}}
{"logTime": "0527/220311", "correlationVector":"5/QHRYQa7rkT8Xzd3ZtSjR.2","action":"Commit Response", "result":"SYNCER_OK"}
{"logTime": "0527/221036", "correlationVector":"Ar7hLNiQaoBhFIRzzCwDSc.0","action":"FeedSettingFetch_homeCloud", "result":"0", "context":{}}
{"logTime": "0527/221036", "correlationVector":"+ZgOLig2N6M8e/8gJDP6AC.1","action":"SyncServerConnectionManagerRequest", "result":"SYNC_SERVER_OK", "context":{"environment":"48F630A6-CB1B-4CC7-86AF-0F6627234B58|106", "server":"SG2PEPF00000C9C"}}
{"logTime": "0527/221036", "correlationVector":"FVXp29hfD890Bf/WuBnp40.1","action":"SyncServerConnectionManagerRequest", "result":"SYNC_SERVER_OK", "context":{"environment":"48F630A6-CB1B-4CC7-86AF-0F6627234B58|106", "server":"SG2PEPF00000C9C"}}
{"logTime": "0527/221036", "correlationVector":"+ZgOLig2N6M8e/8gJDP6AC","action":"Initial GetUpdates", "result":""}
{"logTime": "0527/221036", "correlationVector":"+ZgOLig2N6M8e/8gJDP6AC.2","action":"GetUpdates Response", "result":"SERVER_MORE_TO_DOWNLOAD"}
{"logTime": "0527/221036", "correlationVector":"FVXp29hfD890Bf/WuBnp40","action":"Initial GetUpdates", "result":""}
{"logTime": "0527/221036", "correlationVector":"FVXp29hfD890Bf/WuBnp40.2","action":"GetUpdates Response", "result":"SYNCER_OK"}
{"logTime": "0527/221036", "correlationVector":"jhvBThQOfV3+LYvsjHUkbA","action":"SyncServerConnectionManagerRequest", "result":"SYNC_SERVER_OK", "context":{"environment":"", "server":""}}
{"logTime": "0527/221036", "correlationVector":"HMOymLan9e+VkXoFCSqQjq","action":"Normal GetUpdate request", "result":""}
{"logTime": "0527/221036", "correlationVector":"HMOymLan9e+VkXoFCSqQjq.1","action":"SyncServerConnectionManagerRequest", "result":"SYNC_SERVER_OK", "context":{"environment":"48F630A6-CB1B-4CC7-86AF-0F6627234B58|106", "server":"SG2PEPF00000C9C"}}
{"logTime": "0527/221036", "correlationVector":"HMOymLan9e+VkXoFCSqQjq.2","action":"GetUpdates Response", "result":"SYNCER_OK"}
{"logTime": "0527/221036", "correlationVector":"fJXbq4PemYr2Pr/PBhf4ux","action":"Normal GetUpdate request", "result":""}
{"logTime": "0527/221037", "correlationVector":"fJXbq4PemYr2Pr/PBhf4ux.1","action":"SyncServerConnectionManagerRequest", "result":"SYNC_SERVER_OK", "context":{"environment":"48F630A6-CB1B-4CC7-86AF-0F6627234B58|106", "server":"SG2PEPF00000C9C"}}
{"logTime": "0527/221037", "correlationVector":"fJXbq4PemYr2Pr/PBhf4ux.2","action":"GetUpdates Response", "result":"SYNCER_OK"}
{"logTime": "0527/221250", "correlationVector":"qKt/qm+ndroBjmeC3+yQz8.0","action":"FeedSettingFetch_homeCloud", "result":"0", "context":{}}
{"logTime": "0527/221250", "correlationVector":"LHvbDnXb+lumtrhbh+5OhH.1","action":"SyncServerConnectionManagerRequest", "result":"SYNC_SERVER_OK", "context":{"environment":"48F630A6-CB1B-4CC7-86AF-0F6627234B58|106", "server":"AM3PEPF00000975"}}
{"logTime": "0527/221250", "correlationVector":"7DDuUmgD9fk1xMg6LwyJWn.1","action":"SyncServerConnectionManagerRequest", "result":"SYNC_SERVER_OK", "context":{"environment":"48F630A6-CB1B-4CC7-86AF-0F6627234B58|106", "server":"AM3PEPF00000975"}}
{"logTime": "0527/221250", "correlationVector":"LHvbDnXb+lumtrhbh+5OhH","action":"Initial GetUpdates", "result":""}
{"logTime": "0527/221250", "correlationVector":"LHvbDnXb+lumtrhbh+5OhH.2","action":"GetUpdates Response", "result":"SERVER_MORE_TO_DOWNLOAD"}
{"logTime": "0527/221250", "correlationVector":"7DDuUmgD9fk1xMg6LwyJWn","action":"Initial GetUpdates", "result":""}
{"logTime": "0527/221250", "correlationVector":"7DDuUmgD9fk1xMg6LwyJWn.2","action":"GetUpdates Response", "result":"SYNCER_OK"}
{"logTime": "0527/221250", "correlationVector":"ueJLosfK5dWhAAHpRayZ2m","action":"SyncServerConnectionManagerRequest", "result":"SYNC_SERVER_OK", "context":{"environment":"", "server":""}}
{"logTime": "0527/221250", "correlationVector":"Afzn3RPoNlFDOtb6gvfs+3","action":"Normal GetUpdate request", "result":""}
{"logTime": "0527/221250", "correlationVector":"Afzn3RPoNlFDOtb6gvfs+3.1","action":"SyncServerConnectionManagerRequest", "result":"SYNC_SERVER_OK", "context":{"environment":"48F630A6-CB1B-4CC7-86AF-0F6627234B58|106", "server":"AM3PEPF00000975"}}
{"logTime": "0527/221250", "correlationVector":"Afzn3RPoNlFDOtb6gvfs+3.2","action":"GetUpdates Response", "result":"SYNCER_OK"}
{"logTime": "0527/221250", "correlationVector":"kmzyaeWQUx4bgRdOz68ZPo","action":"Normal GetUpdate request", "result":""}
{"logTime": "0527/221250", "correlationVector":"kmzyaeWQUx4bgRdOz68ZPo.1","action":"SyncServerConnectionManagerRequest", "result":"SYNC_SERVER_OK", "context":{"environment":"48F630A6-CB1B-4CC7-86AF-0F6627234B58|106", "server":"AM3PEPF00000975"}}
{"logTime": "0527/221250", "correlationVector":"kmzyaeWQUx4bgRdOz68ZPo.2","action":"GetUpdates Response", "result":"SYNCER_OK"}
{"logTime": "0527/221637", "correlationVector":"qbJ+qdjL42tKFsh8aOxoLo.0","action":"FeedSettingFetch_homeCloud", "result":"0", "context":{}}
{"logTime": "0527/221637", "correlationVector":"0U0823sHeAN7IXLlynH2RN.1","action":"SyncServerConnectionManagerRequest", "result":"SYNC_SERVER_OK", "context":{"environment":"48F630A6-CB1B-4CC7-86AF-0F6627234B58|106", "server":"SG2PEPF00000CCA"}}
{"logTime": "0527/221638", "correlationVector":"betR83/TOPITnZWL0Hnmsn.1","action":"SyncServerConnectionManagerRequest", "result":"SYNC_SERVER_OK", "context":{"environment":"48F630A6-CB1B-4CC7-86AF-0F6627234B58|106", "server":"SG2PEPF00000CCA"}}
{"logTime": "0527/221638", "correlationVector":"0U0823sHeAN7IXLlynH2RN","action":"Initial GetUpdates", "result":""}
{"logTime": "0527/221638", "correlationVector":"0U0823sHeAN7IXLlynH2RN.2","action":"GetUpdates Response", "result":"SERVER_MORE_TO_DOWNLOAD"}
{"logTime": "0527/221638", "correlationVector":"betR83/TOPITnZWL0Hnmsn","action":"Initial GetUpdates", "result":""}
{"logTime": "0527/221638", "correlationVector":"betR83/TOPITnZWL0Hnmsn.2","action":"GetUpdates Response", "result":"SYNCER_OK"}
{"logTime": "0527/221638", "correlationVector":"7XtIPXEmEU3YH8OYzDRW4V","action":"SyncServerConnectionManagerRequest", "result":"SYNC_SERVER_OK", "context":{"environment":"", "server":""}}
{"logTime": "0527/221638", "correlationVector":"FcUwhq8THD2bwVKzRrH3iM","action":"Normal GetUpdate request", "result":""}
{"logTime": "0527/221638", "correlationVector":"FcUwhq8THD2bwVKzRrH3iM.1","action":"SyncServerConnectionManagerRequest", "result":"SYNC_SERVER_OK", "context":{"environment":"48F630A6-CB1B-4CC7-86AF-0F6627234B58|106", "server":"SG2PEPF00000CCA"}}
{"logTime": "0527/221638", "correlationVector":"FcUwhq8THD2bwVKzRrH3iM.2","action":"GetUpdates Response", "result":"SYNCER_OK"}
{"logTime": "0527/221638", "correlationVector":"v2bwyTexi/RsdLeY9Qzwie","action":"Normal GetUpdate request", "result":""}
{"logTime": "0527/221638", "correlationVector":"v2bwyTexi/RsdLeY9Qzwie.1","action":"SyncServerConnectionManagerRequest", "result":"SYNC_SERVER_OK", "context":{"environment":"48F630A6-CB1B-4CC7-86AF-0F6627234B58|106", "server":"SG2PEPF00000CCA"}}
{"logTime": "0527/221638", "correlationVector":"v2bwyTexi/RsdLeY9Qzwie.2","action":"GetUpdates Response", "result":"SYNCER_OK"}
{"logTime": "0527/222548", "correlationVector":"mZ42H6kBDwf3d2QlSalxmS.0","action":"FeedSettingFetch_homeCloud", "result":"0", "context":{}}
{"logTime": "0527/222548", "correlationVector":"WCZqAP/tmWx63sGbVpdPyW.1","action":"SyncServerConnectionManagerRequest", "result":"SYNC_SERVER_OK", "context":{"environment":"48F630A6-CB1B-4CC7-86AF-0F6627234B58|106", "server":"SG2PEPF00000C8B"}}
{"logTime": "0527/222548", "correlationVector":"JwXAhQrfKiKuMRLDaBm3hb.1","action":"SyncServerConnectionManagerRequest", "result":"SYNC_SERVER_OK", "context":{"environment":"48F630A6-CB1B-4CC7-86AF-0F6627234B58|106", "server":"SG2PEPF00000C8B"}}
{"logTime": "0527/222548", "correlationVector":"WCZqAP/tmWx63sGbVpdPyW","action":"Initial GetUpdates", "result":""}
{"logTime": "0527/222548", "correlationVector":"WCZqAP/tmWx63sGbVpdPyW.2","action":"GetUpdates Response", "result":"SERVER_MORE_TO_DOWNLOAD"}
{"logTime": "0527/222548", "correlationVector":"JwXAhQrfKiKuMRLDaBm3hb","action":"Initial GetUpdates", "result":""}
{"logTime": "0527/222548", "correlationVector":"JwXAhQrfKiKuMRLDaBm3hb.2","action":"GetUpdates Response", "result":"SYNCER_OK"}
{"logTime": "0527/222548", "correlationVector":"+9Fcw1z0u/XmSA44VGyETa","action":"SyncServerConnectionManagerRequest", "result":"SYNC_SERVER_OK", "context":{"environment":"", "server":""}}
{"logTime": "0527/222548", "correlationVector":"3FerBsx3YTWM0JPKOwT0aq","action":"Normal GetUpdate request", "result":""}
{"logTime": "0527/222548", "correlationVector":"3FerBsx3YTWM0JPKOwT0aq.1","action":"SyncServerConnectionManagerRequest", "result":"SYNC_SERVER_OK", "context":{"environment":"48F630A6-CB1B-4CC7-86AF-0F6627234B58|106", "server":"SG2PEPF00000C8B"}}
{"logTime": "0527/222548", "correlationVector":"3FerBsx3YTWM0JPKOwT0aq.2","action":"GetUpdates Response", "result":"SYNCER_OK"}
{"logTime": "0527/222548", "correlationVector":"WGACvCy6yiukinHSZhPtol","action":"Normal GetUpdate request", "result":""}
{"logTime": "0527/222548", "correlationVector":"WGACvCy6yiukinHSZhPtol.1","action":"SyncServerConnectionManagerRequest", "result":"SYNC_SERVER_OK", "context":{"environment":"48F630A6-CB1B-4CC7-86AF-0F6627234B58|106", "server":"SG2PEPF00000C8B"}}
{"logTime": "0527/222548", "correlationVector":"WGACvCy6yiukinHSZhPtol.2","action":"GetUpdates Response", "result":"SYNCER_OK"}
{"logTime": "0527/223215", "correlationVector":"xqsHSq2+oGu5n0nX/ROrck.0","action":"FeedSettingFetch_homeCloud", "result":"0", "context":{}}
{"logTime": "0527/223216", "correlationVector":"Hzuqhz5xmzxbJ0Jg8SoeSa.1","action":"SyncServerConnectionManagerRequest", "result":"SYNC_SERVER_OK", "context":{"environment":"48F630A6-CB1B-4CC7-86AF-0F6627234B58|106", "server":"SG2PEPF00000CB7"}}
{"logTime": "0527/223216", "correlationVector":"rjG7H1p6qjodjiQP3ZeZpq.1","action":"SyncServerConnectionManagerRequest", "result":"SYNC_SERVER_OK", "context":{"environment":"48F630A6-CB1B-4CC7-86AF-0F6627234B58|106", "server":"SG2PEPF00000CB7"}}
{"logTime": "0527/223216", "correlationVector":"Hzuqhz5xmzxbJ0Jg8SoeSa","action":"Initial GetUpdates", "result":""}
{"logTime": "0527/223216", "correlationVector":"Hzuqhz5xmzxbJ0Jg8SoeSa.2","action":"GetUpdates Response", "result":"SERVER_MORE_TO_DOWNLOAD"}
{"logTime": "0527/223216", "correlationVector":"rjG7H1p6qjodjiQP3ZeZpq","action":"Initial GetUpdates", "result":""}
{"logTime": "0527/223216", "correlationVector":"rjG7H1p6qjodjiQP3ZeZpq.2","action":"GetUpdates Response", "result":"SYNCER_OK"}
{"logTime": "0527/223216", "correlationVector":"MsQPgr9554hOL9kqQyavoQ","action":"SyncServerConnectionManagerRequest", "result":"SYNC_SERVER_OK", "context":{"environment":"", "server":""}}
{"logTime": "0527/223216", "correlationVector":"TuHKGHGBxGob1i4LK4lfoH","action":"Normal GetUpdate request", "result":""}
{"logTime": "0527/223216", "correlationVector":"TuHKGHGBxGob1i4LK4lfoH.1","action":"SyncServerConnectionManagerRequest", "result":"SYNC_SERVER_OK", "context":{"environment":"48F630A6-CB1B-4CC7-86AF-0F6627234B58|106", "server":"SG2PEPF00000CB7"}}
{"logTime": "0527/223216", "correlationVector":"TuHKGHGBxGob1i4LK4lfoH.2","action":"GetUpdates Response", "result":"SYNCER_OK"}
{"logTime": "0527/223216", "correlationVector":"Hj/0c0khd+SpaH9uccMZJx","action":"Normal GetUpdate request", "result":""}
{"logTime": "0527/223216", "correlationVector":"Hj/0c0khd+SpaH9uccMZJx.1","action":"SyncServerConnectionManagerRequest", "result":"SYNC_SERVER_OK", "context":{"environment":"48F630A6-CB1B-4CC7-86AF-0F6627234B58|106", "server":"SG2PEPF00000CB7"}}
{"logTime": "0527/223216", "correlationVector":"Hj/0c0khd+SpaH9uccMZJx.2","action":"GetUpdates Response", "result":"SYNCER_OK"}
{"logTime": "0527/223728", "correlationVector":"TTupqVbPg0/+4o5QhEzcOB.0","action":"FeedSettingFetch_homeCloud", "result":"0", "context":{}}
{"logTime": "0527/223728", "correlationVector":"Vm0Lzs8Yyz0hKplFJNehD5.1","action":"SyncServerConnectionManagerRequest", "result":"SYNC_SERVER_OK", "context":{"environment":"48F630A6-CB1B-4CC7-86AF-0F6627234B58|106", "server":"SG2PEPF00000C90"}}
{"logTime": "0527/223728", "correlationVector":"+X0msHCFrU9tEWgRZwP6Sj.1","action":"SyncServerConnectionManagerRequest", "result":"SYNC_SERVER_OK", "context":{"environment":"48F630A6-CB1B-4CC7-86AF-0F6627234B58|106", "server":"SG2PEPF00000C90"}}
{"logTime": "0527/223728", "correlationVector":"Vm0Lzs8Yyz0hKplFJNehD5","action":"Initial GetUpdates", "result":""}
{"logTime": "0527/223728", "correlationVector":"Vm0Lzs8Yyz0hKplFJNehD5.2","action":"GetUpdates Response", "result":"SERVER_MORE_TO_DOWNLOAD"}
{"logTime": "0527/223728", "correlationVector":"+X0msHCFrU9tEWgRZwP6Sj","action":"Initial GetUpdates", "result":""}
{"logTime": "0527/223728", "correlationVector":"+X0msHCFrU9tEWgRZwP6Sj.2","action":"GetUpdates Response", "result":"SYNCER_OK"}
{"logTime": "0527/223728", "correlationVector":"uw7Sptgl31UwY14ho3JFph","action":"SyncServerConnectionManagerRequest", "result":"SYNC_SERVER_OK", "context":{"environment":"", "server":""}}
{"logTime": "0527/223728", "correlationVector":"H8joqTaAqjfGt2D62J0yjL","action":"Normal GetUpdate request", "result":""}
{"logTime": "0527/223729", "correlationVector":"H8joqTaAqjfGt2D62J0yjL.1","action":"SyncServerConnectionManagerRequest", "result":"SYNC_SERVER_OK", "context":{"environment":"48F630A6-CB1B-4CC7-86AF-0F6627234B58|106", "server":"SG2PEPF00000C8F"}}
{"logTime": "0527/223729", "correlationVector":"H8joqTaAqjfGt2D62J0yjL.2","action":"GetUpdates Response", "result":"SYNCER_OK"}
{"logTime": "0527/223729", "correlationVector":"D3Q4MOVXH1QCs1ROGozO3K","action":"Normal GetUpdate request", "result":""}
{"logTime": "0527/223729", "correlationVector":"D3Q4MOVXH1QCs1ROGozO3K.1","action":"SyncServerConnectionManagerRequest", "result":"SYNC_SERVER_OK", "context":{"environment":"48F630A6-CB1B-4CC7-86AF-0F6627234B58|106", "server":"SG2PEPF00000C8F"}}
{"logTime": "0527/223729", "correlationVector":"D3Q4MOVXH1QCs1ROGozO3K.2","action":"GetUpdates Response", "result":"SYNCER_OK"}
{"logTime": "0527/224028", "correlationVector":"C7mAZ0qBZNeNGQSiH8fAM2.0","action":"FeedSettingFetch_homeCloud", "result":"0", "context":{}}
{"logTime": "0527/224028", "correlationVector":"C7mAZ0qBZNeNGQSiH8fAM2.0","action":"SyncServerConnectionManagerRequest", "result":"SYNC_SERVER_OK", "context":{"environment":"", "server":""}}
{"logTime": "0527/224028", "correlationVector":"CgwNHHqBfTywoKavkGnDdt.1","action":"SyncServerConnectionManagerRequest", "result":"SYNC_SERVER_OK", "context":{"environment":"48F630A6-CB1B-4CC7-86AF-0F6627234B58|106", "server":"SG2PEPF00000C93"}}
{"logTime": "0527/224028", "correlationVector":"2iYMoELu6b1gM5RwSbqqNy.1","action":"SyncServerConnectionManagerRequest", "result":"SYNC_SERVER_OK", "context":{"environment":"48F630A6-CB1B-4CC7-86AF-0F6627234B58|106", "server":"SG2PEPF00000C93"}}
{"logTime": "0527/224028", "correlationVector":"CgwNHHqBfTywoKavkGnDdt","action":"Initial GetUpdates", "result":""}
{"logTime": "0527/224028", "correlationVector":"CgwNHHqBfTywoKavkGnDdt.2","action":"GetUpdates Response", "result":"SERVER_MORE_TO_DOWNLOAD"}
{"logTime": "0527/224028", "correlationVector":"2iYMoELu6b1gM5RwSbqqNy","action":"Initial GetUpdates", "result":""}
{"logTime": "0527/224028", "correlationVector":"2iYMoELu6b1gM5RwSbqqNy.2","action":"GetUpdates Response", "result":"SYNCER_OK"}
{"logTime": "0527/224028", "correlationVector":"ACVyLGfhDVWbwv/j/so7Xz","action":"Normal GetUpdate request", "result":""}
{"logTime": "0527/224028", "correlationVector":"ACVyLGfhDVWbwv/j/so7Xz.1","action":"SyncServerConnectionManagerRequest", "result":"SYNC_SERVER_OK", "context":{"environment":"48F630A6-CB1B-4CC7-86AF-0F6627234B58|106", "server":"SG2PEPF00000C93"}}
{"logTime": "0527/224028", "correlationVector":"ACVyLGfhDVWbwv/j/so7Xz.2","action":"GetUpdates Response", "result":"SYNCER_OK"}
{"logTime": "0527/224324", "correlationVector":"lM/dbY4CaK7oOQy5fWkJYg.0","action":"FeedSettingFetch_homeCloud", "result":"0", "context":{}}
{"logTime": "0527/224324", "correlationVector":"1ojPuHChATmrelVUF0jCDY.1","action":"SyncServerConnectionManagerRequest", "result":"SYNC_SERVER_OK", "context":{"environment":"48F630A6-CB1B-4CC7-86AF-0F6627234B58|106", "server":"SG2PEPF00000CB2"}}
{"logTime": "0527/224324", "correlationVector":"NPr83j7F1FMPIYSHkJji11.1","action":"SyncServerConnectionManagerRequest", "result":"SYNC_SERVER_OK", "context":{"environment":"48F630A6-CB1B-4CC7-86AF-0F6627234B58|106", "server":"SG2PEPF00000CB2"}}
{"logTime": "0527/224324", "correlationVector":"1ojPuHChATmrelVUF0jCDY","action":"Initial GetUpdates", "result":""}
{"logTime": "0527/224324", "correlationVector":"1ojPuHChATmrelVUF0jCDY.2","action":"GetUpdates Response", "result":"SERVER_MORE_TO_DOWNLOAD"}
{"logTime": "0527/224324", "correlationVector":"NPr83j7F1FMPIYSHkJji11","action":"Initial GetUpdates", "result":""}
{"logTime": "0527/224324", "correlationVector":"NPr83j7F1FMPIYSHkJji11.2","action":"GetUpdates Response", "result":"SYNCER_OK"}
{"logTime": "0527/224324", "correlationVector":"VnnYwa2MoijS7xF0v7sakQ","action":"SyncServerConnectionManagerRequest", "result":"SYNC_SERVER_OK", "context":{"environment":"", "server":""}}
{"logTime": "0527/224325", "correlationVector":"oyZ6TN8PmgOCe63TwpE8ea","action":"Normal GetUpdate request", "result":""}
{"logTime": "0527/224325", "correlationVector":"oyZ6TN8PmgOCe63TwpE8ea.1","action":"SyncServerConnectionManagerRequest", "result":"SYNC_SERVER_OK", "context":{"environment":"48F630A6-CB1B-4CC7-86AF-0F6627234B58|106", "server":"SG2PEPF00000CB2"}}
{"logTime": "0527/224325", "correlationVector":"oyZ6TN8PmgOCe63TwpE8ea.2","action":"GetUpdates Response", "result":"SYNCER_OK"}
{"logTime": "0527/224325", "correlationVector":"YyR6puK35b67lLuCfPpCD/","action":"Normal GetUpdate request", "result":""}
{"logTime": "0527/224325", "correlationVector":"YyR6puK35b67lLuCfPpCD/.1","action":"SyncServerConnectionManagerRequest", "result":"SYNC_SERVER_OK", "context":{"environment":"48F630A6-CB1B-4CC7-86AF-0F6627234B58|106", "server":"SG2PEPF00000CB2"}}
{"logTime": "0527/224325", "correlationVector":"YyR6puK35b67lLuCfPpCD/.2","action":"GetUpdates Response", "result":"SYNCER_OK"}
{"logTime": "0527/225326", "correlationVector":"GkMEXPWQfZcZIIxLVPXXE7.0","action":"FeedSettingFetch_homeCloud", "result":"0", "context":{}}
{"logTime": "0527/225326", "correlationVector":"yfvyZ8NuJUj88SS5fG80ZR.1","action":"SyncServerConnectionManagerRequest", "result":"SYNC_SERVER_OK", "context":{"environment":"48F630A6-CB1B-4CC7-86AF-0F6627234B58|106", "server":"SG2PEPF00000CBA"}}
{"logTime": "0527/225326", "correlationVector":"uQ0a6yibDthO2J7I+sG7fb.1","action":"SyncServerConnectionManagerRequest", "result":"SYNC_SERVER_OK", "context":{"environment":"48F630A6-CB1B-4CC7-86AF-0F6627234B58|106", "server":"SG2PEPF00000CBA"}}
{"logTime": "0527/225326", "correlationVector":"yfvyZ8NuJUj88SS5fG80ZR","action":"Initial GetUpdates", "result":""}
{"logTime": "0527/225326", "correlationVector":"yfvyZ8NuJUj88SS5fG80ZR.2","action":"GetUpdates Response", "result":"SERVER_MORE_TO_DOWNLOAD"}
{"logTime": "0527/225326", "correlationVector":"uQ0a6yibDthO2J7I+sG7fb","action":"Initial GetUpdates", "result":""}
{"logTime": "0527/225326", "correlationVector":"uQ0a6yibDthO2J7I+sG7fb.2","action":"GetUpdates Response", "result":"SYNCER_OK"}
{"logTime": "0527/225326", "correlationVector":"WK44lbCkB6O0XflpWqeuiT","action":"SyncServerConnectionManagerRequest", "result":"SYNC_SERVER_OK", "context":{"environment":"", "server":""}}
{"logTime": "0527/225326", "correlationVector":"B/OWd0P/exJbl+y3uEM9md","action":"Normal GetUpdate request", "result":""}
{"logTime": "0527/225326", "correlationVector":"B/OWd0P/exJbl+y3uEM9md.1","action":"SyncServerConnectionManagerRequest", "result":"SYNC_SERVER_OK", "context":{"environment":"48F630A6-CB1B-4CC7-86AF-0F6627234B58|106", "server":"SG2PEPF00000CBA"}}
{"logTime": "0527/225328", "correlationVector":"B/OWd0P/exJbl+y3uEM9md.2","action":"GetUpdates Response", "result":"SYNCER_OK"}
{"logTime": "0527/225328", "correlationVector":"qjm/XHr9d154mrQIQIL/Ec","action":"Normal GetUpdate request", "result":""}
{"logTime": "0527/225328", "correlationVector":"qjm/XHr9d154mrQIQIL/Ec.1","action":"SyncServerConnectionManagerRequest", "result":"SYNC_SERVER_OK", "context":{"environment":"48F630A6-CB1B-4CC7-86AF-0F6627234B58|106", "server":"SG2PEPF00000CBA"}}
{"logTime": "0527/225328", "correlationVector":"qjm/XHr9d154mrQIQIL/Ec.2","action":"GetUpdates Response", "result":"SYNCER_OK"}
{"logTime": "0527/225838", "correlationVector":"u4FN0OhlzZ7hKD/9a9598a.0","action":"FeedSettingFetch_homeCloud", "result":"0", "context":{}}
{"logTime": "0527/225838", "correlationVector":"3J4MGbCvtm7uksWYg8u4fN.1","action":"SyncServerConnectionManagerRequest", "result":"SYNC_SERVER_OK", "context":{"environment":"48F630A6-CB1B-4CC7-86AF-0F6627234B58|106", "server":"SG2PEPF00000C9A"}}
{"logTime": "0527/225838", "correlationVector":"866+oTX70P0W+p92naZhYI.1","action":"SyncServerConnectionManagerRequest", "result":"SYNC_SERVER_OK", "context":{"environment":"48F630A6-CB1B-4CC7-86AF-0F6627234B58|106", "server":"SG2PEPF00000C9A"}}
{"logTime": "0527/225838", "correlationVector":"3J4MGbCvtm7uksWYg8u4fN","action":"Initial GetUpdates", "result":""}
{"logTime": "0527/225838", "correlationVector":"3J4MGbCvtm7uksWYg8u4fN.2","action":"GetUpdates Response", "result":"SERVER_MORE_TO_DOWNLOAD"}
{"logTime": "0527/225838", "correlationVector":"866+oTX70P0W+p92naZhYI","action":"Initial GetUpdates", "result":""}
{"logTime": "0527/225838", "correlationVector":"866+oTX70P0W+p92naZhYI.2","action":"GetUpdates Response", "result":"SYNCER_OK"}
{"logTime": "0527/225838", "correlationVector":"JSKU/e1pcHnMhmGPMQDPck","action":"SyncServerConnectionManagerRequest", "result":"SYNC_SERVER_OK", "context":{"environment":"", "server":""}}
{"logTime": "0527/225838", "correlationVector":"ncq9jJsCn9+jML1RypQFJd","action":"Normal GetUpdate request", "result":""}
{"logTime": "0527/225838", "correlationVector":"ncq9jJsCn9+jML1RypQFJd.1","action":"SyncServerConnectionManagerRequest", "result":"SYNC_SERVER_OK", "context":{"environment":"48F630A6-CB1B-4CC7-86AF-0F6627234B58|106", "server":"SG2PEPF00000CA9"}}
{"logTime": "0527/225838", "correlationVector":"ncq9jJsCn9+jML1RypQFJd.2","action":"GetUpdates Response", "result":"SYNCER_OK"}
{"logTime": "0527/225838", "correlationVector":"qLJj2t6eZaV42a4xw2EWT2","action":"Normal GetUpdate request", "result":""}
{"logTime": "0527/225838", "correlationVector":"qLJj2t6eZaV42a4xw2EWT2.1","action":"SyncServerConnectionManagerRequest", "result":"SYNC_SERVER_OK", "context":{"environment":"48F630A6-CB1B-4CC7-86AF-0F6627234B58|106", "server":"SG2PEPF00000CA9"}}
{"logTime": "0527/225838", "correlationVector":"qLJj2t6eZaV42a4xw2EWT2.2","action":"GetUpdates Response", "result":"SYNCER_OK"}
